<?xml version="1.0" encoding="UTF-8"?>
<!-- Generated by org.testng.reporters.JUnitReportReporter -->
<testsuite hostname="LENOVO" failures="0" tests="1" name="com.qalegendbilling.testScript.HomeTest" time="12.948" errors="0" timestamp="2023-06-23T21:46:35 IST" skipped="0">
  <testcase classname="com.qalegendbilling.testScript.HomeTest" name="TC_004_verifySignout" time="12.948"/>
  <system-out/>
</testsuite> <!-- com.qalegendbilling.testScript.HomeTest -->
