<?xml version="1.0" encoding="UTF-8"?>
<!-- Generated by org.testng.reporters.JUnitReportReporter -->
<testsuite hostname="LENOVO" failures="0" tests="1" name="com.qalegendbilling.testScript.SignOutTest" time="12.838" errors="0" timestamp="2023-06-21T20:00:50 IST" skipped="0">
  <testcase classname="com.qalegendbilling.testScript.SignOutTest" name="TC_004_verifySignout" time="12.838"/>
  <system-out/>
</testsuite> <!-- com.qalegendbilling.testScript.SignOutTest -->
