<?xml version="1.0" encoding="UTF-8"?>
<!-- Generated by org.testng.reporters.JUnitReportReporter -->
<testsuite hostname="LENOVO" failures="0" tests="1" name="com.qalegendbilling.testScript.AddUsersTest" time="16.609" errors="0" timestamp="2023-06-23T20:53:44 IST" skipped="0">
  <testcase classname="com.qalegendbilling.testScript.AddUsersTest" name="TC_007_verifyUsersfromAddedUsers" time="16.609"/>
  <system-out/>
</testsuite> <!-- com.qalegendbilling.testScript.AddUsersTest -->
