<?xml version="1.0" encoding="UTF-8"?>
<!-- Generated by org.testng.reporters.JUnitReportReporter -->
<testsuite hostname="LENOVO" failures="0" tests="1" name="com.qalegendbilling.testScript.ResetTest" time="10.703" errors="0" timestamp="2023-06-21T08:11:53 IST" skipped="0">
  <testcase classname="com.qalegendbilling.testScript.ResetTest" name="TC_003_verifyForgotPassword" time="10.703"/>
  <system-out/>
</testsuite> <!-- com.qalegendbilling.testScript.ResetTest -->
