<?xml version="1.0" encoding="UTF-8"?>
<!-- Generated by org.testng.reporters.JUnitReportReporter -->
<testsuite hostname="LENOVO" failures="0" tests="1" name="com.qalegendbilling.testScript.LoginTest" time="12.675" errors="0" timestamp="2023-06-23T22:20:17 IST" skipped="0">
  <testcase classname="com.qalegendbilling.testScript.LoginTest" name="TC_001_verifyUserLoginwithValidCredentials" time="12.675"/>
  <system-out/>
</testsuite> <!-- com.qalegendbilling.testScript.LoginTest -->
